<?xml version="1.0" encoding="UTF-8"?>
<!-- Generated by org.testng.reporters.JUnitXMLReporter -->
<testsuite ignored="0" hostname="PRIYANKA" failures="0" tests="13" name="Default test" time="187.38" errors="0" timestamp="2025-09-04T15:09:14 IST">
  <testcase classname="com.ecom.tests.login_functionality_testcases" name="Tc_Ecom_Login_01_verifyUrlLaunch" time="2.131"/>
  <testcase classname="com.ecom.tests.login_functionality_testcases" name="Tc_Ecom_Login_02_verifyHomePageDisplayed" time="0.144"/>
  <testcase classname="com.ecom.tests.login_functionality_testcases" name="Tc_Ecom_Login_03_navigateToLoginSignupPage" time="1.188"/>
  <testcase classname="com.ecom.tests.login_functionality_testcases" name="Tc_Ecom_Login_04_verifyLoginToYourAccountText" time="1.118"/>
  <testcase classname="com.ecom.tests.login_functionality_testcases" name="Tc_Ecom_Login_05_enterValidEmailPassword" time="2.028"/>
  <testcase classname="com.ecom.tests.login_functionality_testcases" name="Tc_Ecom_Login_06_loginWithValidCredentials" time="5.047"/>
  <testcase classname="com.ecom.tests.login_functionality_testcases" name="Tc_Ecom_Login_07_verifyLoggedInAsUserText" time="7.298"/>
  <testcase classname="com.ecom.tests.login_functionality_testcases" name="Tc_Ecom_Login_07_loginWithInvalidCredentials" time="5.059"/>
  <testcase classname="com.ecom.tests.login_functionality_testcases" name="Tc_Ecom_Login_08_loginWithInvalidPassword" time="3.044"/>
  <testcase classname="com.ecom.tests.login_functionality_testcases" name="Tc_Ecom_Login_09_loginWithInvalidEmail" time="2.156"/>
  <testcase classname="com.ecom.tests.login_functionality_testcases" name="Tc_Ecom_Login_11_verifyLogout" time="6.833"/>
  <testcase classname="com.ecom.tests.login_functionality_testcases" name="Tc_Ecom_Login_12_deleteAccountAndVerifyMessage" time="57.004"/>
  <testcase classname="com.ecom.tests.login_functionality_testcases" name="Tc_Ecom_Login_14_loginWithBlankFields" time="7.436"/>
</testsuite> <!-- Default test -->
