<?xml version="1.0" encoding="UTF-8"?>
<!-- Generated by org.testng.reporters.JUnitXMLReporter -->
<testsuite ignored="0" hostname="DESKTOP-01UCJLJ" failures="0" tests="4" name="Default test" time="73.542" errors="0" timestamp="2025-08-28T17:00:49 IST">
  <testcase classname="project.testcase_3" name="f" time="15.932"/>
  <testcase classname="project.testcase_3" name="f" time="10.387"/>
  <testcase classname="project.testcase_3" name="f" time="22.803"/>
  <testcase classname="project.testcase_3" name="f" time="15.858"/>
</testsuite> <!-- Default test -->
