<?xml version="1.0" encoding="UTF-8"?>
<testng-results ignored="0" total="9" passed="9" failed="0" skipped="0">
  <reporter-output>
  </reporter-output>
  <suite started-at="2025-09-03T12:19:22 IST" name="Default suite" finished-at="2025-09-03T12:20:45 IST" duration-ms="82090">
    <groups>
      <group name="High_Risk_Priority">
        <method signature="high_priority_testcases.TC001_VerifySignupButton()[pri:0, instance:com.ecom.tests.high_priority_testcases@702657cc]" name="TC001_VerifySignupButton" class="com.ecom.tests.high_priority_testcases"/>
        <method signature="high_priority_testcases.TC002_VerifyLogoutButton()[pri:0, instance:com.ecom.tests.high_priority_testcases@702657cc]" name="TC002_VerifyLogoutButton" class="com.ecom.tests.high_priority_testcases"/>
        <method signature="high_priority_testcases.TC003_VerifySearchButton()[pri:0, instance:com.ecom.tests.high_priority_testcases@702657cc]" name="TC003_VerifySearchButton" class="com.ecom.tests.high_priority_testcases"/>
        <method signature="high_priority_testcases.TC004_VerifyAddToCartButton()[pri:0, instance:com.ecom.tests.high_priority_testcases@702657cc]" name="TC004_VerifyAddToCartButton" class="com.ecom.tests.high_priority_testcases"/>
        <method signature="high_priority_testcases.TC005_VerifyCheckoutButton()[pri:0, instance:com.ecom.tests.high_priority_testcases@702657cc]" name="TC005_VerifyCheckoutButton" class="com.ecom.tests.high_priority_testcases"/>
        <method signature="high_priority_testcases.TC006_VerifyDeleteIcon()[pri:0, instance:com.ecom.tests.high_priority_testcases@702657cc]" name="TC006_VerifyDeleteIcon" class="com.ecom.tests.high_priority_testcases"/>
        <method signature="high_priority_testcases.TC007_VerifyContactUsForm()[pri:0, instance:com.ecom.tests.high_priority_testcases@702657cc]" name="TC007_VerifyContactUsForm" class="com.ecom.tests.high_priority_testcases"/>
        <method signature="high_priority_testcases.TC008_VerifySubmitButton()[pri:0, instance:com.ecom.tests.high_priority_testcases@702657cc]" name="TC008_VerifySubmitButton" class="com.ecom.tests.high_priority_testcases"/>
        <method signature="high_priority_testcases.TC009_VerifySubscriptionIcon()[pri:0, instance:com.ecom.tests.high_priority_testcases@702657cc]" name="TC009_VerifySubscriptionIcon" class="com.ecom.tests.high_priority_testcases"/>
      </group> <!-- High_Risk_Priority -->
    </groups>
    <test started-at="2025-09-03T12:19:22 IST" name="Default test" finished-at="2025-09-03T12:20:45 IST" duration-ms="82090">
      <class name="com.ecom.tests.high_priority_testcases">
        <test-method is-config="true" signature="setup()[pri:0, instance:com.ecom.tests.high_priority_testcases@702657cc]" started-at="2025-09-03T12:19:23 IST" name="setup" finished-at="2025-09-03T12:19:31 IST" duration-ms="8189" status="PASS">
          <reporter-output>
          </reporter-output>
        </test-method> <!-- setup -->
        <test-method signature="TC001_VerifySignupButton()[pri:0, instance:com.ecom.tests.high_priority_testcases@702657cc]" started-at="2025-09-03T12:19:31 IST" name="TC001_VerifySignupButton" finished-at="2025-09-03T12:19:33 IST" duration-ms="2134" status="PASS">
          <reporter-output>
          </reporter-output>
        </test-method> <!-- TC001_VerifySignupButton -->
        <test-method is-config="true" signature="tearDown(org.testng.ITestResult)[pri:0, instance:com.ecom.tests.high_priority_testcases@702657cc]" started-at="2025-09-03T12:19:33 IST" name="tearDown" finished-at="2025-09-03T12:19:34 IST" duration-ms="1515" status="PASS">
          <params>
            <param index="0">
              <value>
                <![CDATA[[TestResult name=TC001_VerifySignupButton status=SUCCESS method=high_priority_testcases.TC001_VerifySignupButton()[pri:0, instance:com.ecom.tests.high_priority_testcases@702657cc] output={null}]]]>
              </value>
            </param>
          </params>
          <reporter-output>
          </reporter-output>
        </test-method> <!-- tearDown -->
        <test-method is-config="true" signature="setup()[pri:0, instance:com.ecom.tests.high_priority_testcases@702657cc]" started-at="2025-09-03T12:19:34 IST" name="setup" finished-at="2025-09-03T12:19:40 IST" duration-ms="5198" status="PASS">
          <reporter-output>
          </reporter-output>
        </test-method> <!-- setup -->
        <test-method signature="TC002_VerifyLogoutButton()[pri:0, instance:com.ecom.tests.high_priority_testcases@702657cc]" started-at="2025-09-03T12:19:40 IST" name="TC002_VerifyLogoutButton" finished-at="2025-09-03T12:19:46 IST" duration-ms="6321" status="PASS">
          <reporter-output>
          </reporter-output>
        </test-method> <!-- TC002_VerifyLogoutButton -->
        <test-method is-config="true" signature="tearDown(org.testng.ITestResult)[pri:0, instance:com.ecom.tests.high_priority_testcases@702657cc]" started-at="2025-09-03T12:19:46 IST" name="tearDown" finished-at="2025-09-03T12:19:46 IST" duration-ms="533" status="PASS">
          <params>
            <param index="0">
              <value>
                <![CDATA[[TestResult name=TC002_VerifyLogoutButton status=SUCCESS method=high_priority_testcases.TC002_VerifyLogoutButton()[pri:0, instance:com.ecom.tests.high_priority_testcases@702657cc] output={null}]]]>
              </value>
            </param>
          </params>
          <reporter-output>
          </reporter-output>
        </test-method> <!-- tearDown -->
        <test-method is-config="true" signature="setup()[pri:0, instance:com.ecom.tests.high_priority_testcases@702657cc]" started-at="2025-09-03T12:19:46 IST" name="setup" finished-at="2025-09-03T12:19:52 IST" duration-ms="5893" status="PASS">
          <reporter-output>
          </reporter-output>
        </test-method> <!-- setup -->
        <test-method signature="TC003_VerifySearchButton()[pri:0, instance:com.ecom.tests.high_priority_testcases@702657cc]" started-at="2025-09-03T12:19:52 IST" name="TC003_VerifySearchButton" finished-at="2025-09-03T12:19:57 IST" duration-ms="4251" status="PASS">
          <reporter-output>
          </reporter-output>
        </test-method> <!-- TC003_VerifySearchButton -->
        <test-method is-config="true" signature="tearDown(org.testng.ITestResult)[pri:0, instance:com.ecom.tests.high_priority_testcases@702657cc]" started-at="2025-09-03T12:19:57 IST" name="tearDown" finished-at="2025-09-03T12:19:57 IST" duration-ms="373" status="PASS">
          <params>
            <param index="0">
              <value>
                <![CDATA[[TestResult name=TC003_VerifySearchButton status=SUCCESS method=high_priority_testcases.TC003_VerifySearchButton()[pri:0, instance:com.ecom.tests.high_priority_testcases@702657cc] output={null}]]]>
              </value>
            </param>
          </params>
          <reporter-output>
          </reporter-output>
        </test-method> <!-- tearDown -->
        <test-method is-config="true" signature="setup()[pri:0, instance:com.ecom.tests.high_priority_testcases@702657cc]" started-at="2025-09-03T12:19:57 IST" name="setup" finished-at="2025-09-03T12:20:01 IST" duration-ms="4035" status="PASS">
          <reporter-output>
          </reporter-output>
        </test-method> <!-- setup -->
        <test-method signature="TC004_VerifyAddToCartButton()[pri:0, instance:com.ecom.tests.high_priority_testcases@702657cc]" started-at="2025-09-03T12:20:01 IST" name="TC004_VerifyAddToCartButton" finished-at="2025-09-03T12:20:03 IST" duration-ms="2104" status="PASS">
          <reporter-output>
          </reporter-output>
        </test-method> <!-- TC004_VerifyAddToCartButton -->
        <test-method is-config="true" signature="tearDown(org.testng.ITestResult)[pri:0, instance:com.ecom.tests.high_priority_testcases@702657cc]" started-at="2025-09-03T12:20:03 IST" name="tearDown" finished-at="2025-09-03T12:20:04 IST" duration-ms="406" status="PASS">
          <params>
            <param index="0">
              <value>
                <![CDATA[[TestResult name=TC004_VerifyAddToCartButton status=SUCCESS method=high_priority_testcases.TC004_VerifyAddToCartButton()[pri:0, instance:com.ecom.tests.high_priority_testcases@702657cc] output={null}]]]>
              </value>
            </param>
          </params>
          <reporter-output>
          </reporter-output>
        </test-method> <!-- tearDown -->
        <test-method is-config="true" signature="setup()[pri:0, instance:com.ecom.tests.high_priority_testcases@702657cc]" started-at="2025-09-03T12:20:04 IST" name="setup" finished-at="2025-09-03T12:20:08 IST" duration-ms="4736" status="PASS">
          <reporter-output>
          </reporter-output>
        </test-method> <!-- setup -->
        <test-method signature="TC005_VerifyCheckoutButton()[pri:0, instance:com.ecom.tests.high_priority_testcases@702657cc]" started-at="2025-09-03T12:20:08 IST" name="TC005_VerifyCheckoutButton" finished-at="2025-09-03T12:20:13 IST" duration-ms="4812" status="PASS">
          <reporter-output>
          </reporter-output>
        </test-method> <!-- TC005_VerifyCheckoutButton -->
        <test-method is-config="true" signature="tearDown(org.testng.ITestResult)[pri:0, instance:com.ecom.tests.high_priority_testcases@702657cc]" started-at="2025-09-03T12:20:13 IST" name="tearDown" finished-at="2025-09-03T12:20:14 IST" duration-ms="774" status="PASS">
          <params>
            <param index="0">
              <value>
                <![CDATA[[TestResult name=TC005_VerifyCheckoutButton status=SUCCESS method=high_priority_testcases.TC005_VerifyCheckoutButton()[pri:0, instance:com.ecom.tests.high_priority_testcases@702657cc] output={null}]]]>
              </value>
            </param>
          </params>
          <reporter-output>
          </reporter-output>
        </test-method> <!-- tearDown -->
        <test-method is-config="true" signature="setup()[pri:0, instance:com.ecom.tests.high_priority_testcases@702657cc]" started-at="2025-09-03T12:20:14 IST" name="setup" finished-at="2025-09-03T12:20:18 IST" duration-ms="4572" status="PASS">
          <reporter-output>
          </reporter-output>
        </test-method> <!-- setup -->
        <test-method signature="TC006_VerifyDeleteIcon()[pri:0, instance:com.ecom.tests.high_priority_testcases@702657cc]" started-at="2025-09-03T12:20:18 IST" name="TC006_VerifyDeleteIcon" finished-at="2025-09-03T12:20:24 IST" duration-ms="5959" status="PASS">
          <reporter-output>
          </reporter-output>
        </test-method> <!-- TC006_VerifyDeleteIcon -->
        <test-method is-config="true" signature="tearDown(org.testng.ITestResult)[pri:0, instance:com.ecom.tests.high_priority_testcases@702657cc]" started-at="2025-09-03T12:20:24 IST" name="tearDown" finished-at="2025-09-03T12:20:25 IST" duration-ms="486" status="PASS">
          <params>
            <param index="0">
              <value>
                <![CDATA[[TestResult name=TC006_VerifyDeleteIcon status=SUCCESS method=high_priority_testcases.TC006_VerifyDeleteIcon()[pri:0, instance:com.ecom.tests.high_priority_testcases@702657cc] output={null}]]]>
              </value>
            </param>
          </params>
          <reporter-output>
          </reporter-output>
        </test-method> <!-- tearDown -->
        <test-method is-config="true" signature="setup()[pri:0, instance:com.ecom.tests.high_priority_testcases@702657cc]" started-at="2025-09-03T12:20:25 IST" name="setup" finished-at="2025-09-03T12:20:29 IST" duration-ms="3955" status="PASS">
          <reporter-output>
          </reporter-output>
        </test-method> <!-- setup -->
        <test-method signature="TC007_VerifyContactUsForm()[pri:0, instance:com.ecom.tests.high_priority_testcases@702657cc]" started-at="2025-09-03T12:20:29 IST" name="TC007_VerifyContactUsForm" finished-at="2025-09-03T12:20:31 IST" duration-ms="2465" status="PASS">
          <reporter-output>
          </reporter-output>
        </test-method> <!-- TC007_VerifyContactUsForm -->
        <test-method is-config="true" signature="tearDown(org.testng.ITestResult)[pri:0, instance:com.ecom.tests.high_priority_testcases@702657cc]" started-at="2025-09-03T12:20:31 IST" name="tearDown" finished-at="2025-09-03T12:20:32 IST" duration-ms="523" status="PASS">
          <params>
            <param index="0">
              <value>
                <![CDATA[[TestResult name=TC007_VerifyContactUsForm status=SUCCESS method=high_priority_testcases.TC007_VerifyContactUsForm()[pri:0, instance:com.ecom.tests.high_priority_testcases@702657cc] output={null}]]]>
              </value>
            </param>
          </params>
          <reporter-output>
          </reporter-output>
        </test-method> <!-- tearDown -->
        <test-method is-config="true" signature="setup()[pri:0, instance:com.ecom.tests.high_priority_testcases@702657cc]" started-at="2025-09-03T12:20:32 IST" name="setup" finished-at="2025-09-03T12:20:37 IST" duration-ms="4996" status="PASS">
          <reporter-output>
          </reporter-output>
        </test-method> <!-- setup -->
        <test-method signature="TC008_VerifySubmitButton()[pri:0, instance:com.ecom.tests.high_priority_testcases@702657cc]" started-at="2025-09-03T12:20:37 IST" name="TC008_VerifySubmitButton" finished-at="2025-09-03T12:20:39 IST" duration-ms="1776" status="PASS">
          <reporter-output>
          </reporter-output>
        </test-method> <!-- TC008_VerifySubmitButton -->
        <test-method is-config="true" signature="tearDown(org.testng.ITestResult)[pri:0, instance:com.ecom.tests.high_priority_testcases@702657cc]" started-at="2025-09-03T12:20:39 IST" name="tearDown" finished-at="2025-09-03T12:20:39 IST" duration-ms="538" status="PASS">
          <params>
            <param index="0">
              <value>
                <![CDATA[[TestResult name=TC008_VerifySubmitButton status=SUCCESS method=high_priority_testcases.TC008_VerifySubmitButton()[pri:0, instance:com.ecom.tests.high_priority_testcases@702657cc] output={null}]]]>
              </value>
            </param>
          </params>
          <reporter-output>
          </reporter-output>
        </test-method> <!-- tearDown -->
        <test-method is-config="true" signature="setup()[pri:0, instance:com.ecom.tests.high_priority_testcases@702657cc]" started-at="2025-09-03T12:20:39 IST" name="setup" finished-at="2025-09-03T12:20:43 IST" duration-ms="4136" status="PASS">
          <reporter-output>
          </reporter-output>
        </test-method> <!-- setup -->
        <test-method signature="TC009_VerifySubscriptionIcon()[pri:0, instance:com.ecom.tests.high_priority_testcases@702657cc]" started-at="2025-09-03T12:20:43 IST" name="TC009_VerifySubscriptionIcon" finished-at="2025-09-03T12:20:44 IST" duration-ms="851" status="PASS">
          <reporter-output>
          </reporter-output>
        </test-method> <!-- TC009_VerifySubscriptionIcon -->
        <test-method is-config="true" signature="tearDown(org.testng.ITestResult)[pri:0, instance:com.ecom.tests.high_priority_testcases@702657cc]" started-at="2025-09-03T12:20:44 IST" name="tearDown" finished-at="2025-09-03T12:20:45 IST" duration-ms="417" status="PASS">
          <params>
            <param index="0">
              <value>
                <![CDATA[[TestResult name=TC009_VerifySubscriptionIcon status=SUCCESS method=high_priority_testcases.TC009_VerifySubscriptionIcon()[pri:0, instance:com.ecom.tests.high_priority_testcases@702657cc] output={null}]]]>
              </value>
            </param>
          </params>
          <reporter-output>
          </reporter-output>
        </test-method> <!-- tearDown -->
      </class> <!-- com.ecom.tests.high_priority_testcases -->
    </test> <!-- Default test -->
  </suite> <!-- Default suite -->
</testng-results>
