<?xml version="1.0" encoding="UTF-8"?>
<testng-results ignored="0" total="4" passed="4" failed="0" skipped="0">
  <reporter-output>
  </reporter-output>
  <suite started-at="2025-08-28T16:59:36 IST" name="Default suite" finished-at="2025-08-28T17:00:49 IST" duration-ms="73542">
    <groups>
    </groups>
    <test started-at="2025-08-28T16:59:36 IST" name="Default test" finished-at="2025-08-28T17:00:49 IST" duration-ms="73542">
      <class name="project.testcase_3">
        <test-method is-config="true" signature="beforeSuite()[pri:0, instance:project.testcase_3@26b3fd41]" started-at="2025-08-28T16:59:36 IST" name="beforeSuite" finished-at="2025-08-28T16:59:36 IST" duration-ms="9" status="PASS">
          <reporter-output>
          </reporter-output>
        </test-method> <!-- beforeSuite -->
        <test-method is-config="true" signature="beforeTest()[pri:0, instance:project.testcase_3@26b3fd41]" started-at="2025-08-28T16:59:36 IST" name="beforeTest" finished-at="2025-08-28T16:59:36 IST" duration-ms="2" status="PASS">
          <reporter-output>
          </reporter-output>
        </test-method> <!-- beforeTest -->
        <test-method is-config="true" signature="beforeClass()[pri:0, instance:project.testcase_3@26b3fd41]" started-at="2025-08-28T16:59:36 IST" name="beforeClass" finished-at="2025-08-28T16:59:36 IST" duration-ms="0" status="PASS">
          <reporter-output>
          </reporter-output>
        </test-method> <!-- beforeClass -->
        <test-method is-config="true" signature="beforeMethod()[pri:0, instance:project.testcase_3@26b3fd41]" started-at="2025-08-28T16:59:36 IST" name="beforeMethod" finished-at="2025-08-28T16:59:38 IST" duration-ms="1976" status="PASS">
          <reporter-output>
          </reporter-output>
        </test-method> <!-- beforeMethod -->
        <test-method signature="f(java.lang.String)[pri:0, instance:project.testcase_3@26b3fd41]" started-at="2025-08-28T16:59:38 IST" name="f" data-provider="cartdata" finished-at="2025-08-28T16:59:54 IST" duration-ms="15932" status="PASS">
          <params>
            <param index="0">
              <value>
                <![CDATA[TestLabel]]>
              </value>
            </param>
          </params>
          <reporter-output>
          </reporter-output>
        </test-method> <!-- f -->
        <test-method is-config="true" signature="afterMethod()[pri:0, instance:project.testcase_3@26b3fd41]" started-at="2025-08-28T16:59:54 IST" name="afterMethod" finished-at="2025-08-28T16:59:55 IST" duration-ms="1134" status="PASS">
          <reporter-output>
          </reporter-output>
        </test-method> <!-- afterMethod -->
        <test-method is-config="true" signature="beforeMethod()[pri:0, instance:project.testcase_3@26b3fd41]" started-at="2025-08-28T16:59:55 IST" name="beforeMethod" finished-at="2025-08-28T16:59:57 IST" duration-ms="1231" status="PASS">
          <reporter-output>
          </reporter-output>
        </test-method> <!-- beforeMethod -->
        <test-method signature="f(java.lang.String)[pri:0, instance:project.testcase_3@26b3fd41]" started-at="2025-08-28T16:59:57 IST" name="f" data-provider="cartdata" finished-at="2025-08-28T17:00:07 IST" duration-ms="10387" status="PASS">
          <params>
            <param index="0">
              <value>
                <![CDATA[AddToCartTest1]]>
              </value>
            </param>
          </params>
          <reporter-output>
          </reporter-output>
        </test-method> <!-- f -->
        <test-method is-config="true" signature="afterMethod()[pri:0, instance:project.testcase_3@26b3fd41]" started-at="2025-08-28T17:00:07 IST" name="afterMethod" finished-at="2025-08-28T17:00:07 IST" duration-ms="423" status="PASS">
          <reporter-output>
          </reporter-output>
        </test-method> <!-- afterMethod -->
        <test-method is-config="true" signature="beforeMethod()[pri:0, instance:project.testcase_3@26b3fd41]" started-at="2025-08-28T17:00:07 IST" name="beforeMethod" finished-at="2025-08-28T17:00:08 IST" duration-ms="1064" status="PASS">
          <reporter-output>
          </reporter-output>
        </test-method> <!-- beforeMethod -->
        <test-method signature="f(java.lang.String)[pri:0, instance:project.testcase_3@26b3fd41]" started-at="2025-08-28T17:00:08 IST" name="f" data-provider="cartdata" finished-at="2025-08-28T17:00:31 IST" duration-ms="22803" status="PASS">
          <params>
            <param index="0">
              <value>
                <![CDATA[AddToCartTest2]]>
              </value>
            </param>
          </params>
          <reporter-output>
          </reporter-output>
        </test-method> <!-- f -->
        <test-method is-config="true" signature="afterMethod()[pri:0, instance:project.testcase_3@26b3fd41]" started-at="2025-08-28T17:00:31 IST" name="afterMethod" finished-at="2025-08-28T17:00:32 IST" duration-ms="417" status="PASS">
          <reporter-output>
          </reporter-output>
        </test-method> <!-- afterMethod -->
        <test-method is-config="true" signature="beforeMethod()[pri:0, instance:project.testcase_3@26b3fd41]" started-at="2025-08-28T17:00:32 IST" name="beforeMethod" finished-at="2025-08-28T17:00:33 IST" duration-ms="1208" status="PASS">
          <reporter-output>
          </reporter-output>
        </test-method> <!-- beforeMethod -->
        <test-method signature="f(java.lang.String)[pri:0, instance:project.testcase_3@26b3fd41]" started-at="2025-08-28T17:00:33 IST" name="f" data-provider="cartdata" finished-at="2025-08-28T17:00:49 IST" duration-ms="15858" status="PASS">
          <params>
            <param index="0">
              <value>
                <![CDATA[AddToCartTest3]]>
              </value>
            </param>
          </params>
          <reporter-output>
          </reporter-output>
        </test-method> <!-- f -->
        <test-method is-config="true" signature="afterMethod()[pri:0, instance:project.testcase_3@26b3fd41]" started-at="2025-08-28T17:00:49 IST" name="afterMethod" finished-at="2025-08-28T17:00:49 IST" duration-ms="415" status="PASS">
          <reporter-output>
          </reporter-output>
        </test-method> <!-- afterMethod -->
        <test-method is-config="true" signature="afterClass()[pri:0, instance:project.testcase_3@26b3fd41]" started-at="2025-08-28T17:00:49 IST" name="afterClass" finished-at="2025-08-28T17:00:49 IST" duration-ms="1" status="PASS">
          <reporter-output>
          </reporter-output>
        </test-method> <!-- afterClass -->
        <test-method is-config="true" signature="afterTest()[pri:0, instance:project.testcase_3@26b3fd41]" started-at="2025-08-28T17:00:49 IST" name="afterTest" finished-at="2025-08-28T17:00:49 IST" duration-ms="0" status="PASS">
          <reporter-output>
          </reporter-output>
        </test-method> <!-- afterTest -->
        <test-method is-config="true" signature="afterSuite()[pri:0, instance:project.testcase_3@26b3fd41]" started-at="2025-08-28T17:00:49 IST" name="afterSuite" finished-at="2025-08-28T17:00:49 IST" duration-ms="0" status="PASS">
          <reporter-output>
          </reporter-output>
        </test-method> <!-- afterSuite -->
      </class> <!-- project.testcase_3 -->
    </test> <!-- Default test -->
  </suite> <!-- Default suite -->
</testng-results>
