<?xml version="1.0" encoding="UTF-8"?>
<!-- Generated by org.testng.reporters.JUnitReportReporter -->
<testsuite hostname="DESKTOP-01UCJLJ" failures="0" tests="4" name="project.testcase_3" time="72.848" errors="0" timestamp="2025-08-28T17:00:49 IST" skipped="0">
  <testcase classname="project.testcase_3" name="f" time="11.866"/>
  <system-out/>
  <testcase classname="project.testcase_3" name="f" time="25.168"/>
  <system-out/>
  <testcase classname="project.testcase_3" name="f" time="17.483"/>
  <system-out/>
  <testcase classname="project.testcase_3" name="f" time="18.331"/>
  <system-out/>
</testsuite> <!-- project.testcase_3 -->
