<?xml version="1.0" encoding="UTF-8"?>
<!-- Generated by org.testng.reporters.JUnitReportReporter -->
<testsuite hostname="DESKTOP-01UCJLJ" failures="0" tests="4" name="project.testcase1" time="64.386" errors="0" timestamp="2025-08-28T16:18:43 IST" skipped="0">
  <testcase classname="project.testcase1" name="f" time="15.521"/>
  <system-out/>
  <testcase classname="project.testcase1" name="f" time="13.053"/>
  <system-out/>
  <testcase classname="project.testcase1" name="f" time="18.467"/>
  <system-out/>
  <testcase classname="project.testcase1" name="f" time="17.345"/>
  <system-out/>
</testsuite> <!-- project.testcase1 -->
