<?xml version="1.0" encoding="UTF-8"?>
<!-- Generated by org.testng.reporters.JUnitReportReporter -->
<testsuite hostname="DESKTOP-01UCJLJ" failures="0" tests="4" name="project.testcase_2" time="92.838" errors="0" timestamp="2025-08-28T16:44:18 IST" skipped="0">
  <testcase classname="project.testcase_2" name="f" time="37.588"/>
  <system-out/>
  <testcase classname="project.testcase_2" name="f" time="25.590"/>
  <system-out/>
  <testcase classname="project.testcase_2" name="f" time="15.930"/>
  <system-out/>
  <testcase classname="project.testcase_2" name="f" time="13.730"/>
  <system-out/>
</testsuite> <!-- project.testcase_2 -->
